2024-05-31 15:41:53.075  INFO 17056 --- [main] man.api.warehouse.UserHandlerTests       : Starting UserHandlerTests using Java 21.0.2 with PID 17056 (started by asus in D:\program files\IDEA\Reactive-Warehouse)
2024-05-31 15:41:53.079  INFO 17056 --- [main] man.api.warehouse.UserHandlerTests       : No active profile set, falling back to 1 default profile: "default"
2024-05-31 15:41:55.418  INFO 17056 --- [main] .s.d.r.c.RepositoryConfigurationDelegate : Bootstrapping Spring Data Reactive MongoDB repositories in DEFAULT mode.
2024-05-31 15:41:55.677  INFO 17056 --- [main] .s.d.r.c.RepositoryConfigurationDelegate : Finished Spring Data repository scanning in 251 ms. Found 6 Reactive MongoDB repository interfaces.
2024-05-31 15:41:56.855  INFO 17056 --- [main] org.mongodb.driver.client                : MongoClient with metadata {"driver": {"name": "mongo-java-driver|reactive-streams|spring-boot", "version": "4.11.2"}, "os": {"type": "Windows", "name": "Windows 11", "architecture": "amd64", "version": "10.0"}, "platform": "Java/Oracle Corporation/21.0.2+13-LTS-58"} created with settings MongoClientSettings{readPreference=primary, writeConcern=WriteConcern{w=null, wTimeout=null ms, journal=null}, retryWrites=true, retryReads=true, readConcern=ReadConcern{level=null}, credential=null, transportSettings=NettyTransportSettings{eventLoopGroup=io.netty.channel.nio.NioEventLoopGroup@6793f752, socketChannelClass=null, allocator=null, sslContext=null}, streamFactoryFactory=null, commandListeners=[], codecRegistry=ProvidersCodecRegistry{codecProviders=[ValueCodecProvider{}, BsonValueCodecProvider{}, DBRefCodecProvider{}, DBObjectCodecProvider{}, DocumentCodecProvider{}, CollectionCodecProvider{}, IterableCodecProvider{}, MapCodecProvider{}, GeoJsonCodecProvider{}, GridFSFileCodecProvider{}, Jsr310CodecProvider{}, JsonObjectCodecProvider{}, BsonCodecProvider{}, EnumCodecProvider{}, com.mongodb.client.model.mql.ExpressionCodecProvider@1216eb3f, com.mongodb.Jep395RecordCodecProvider@59e7564b, com.mongodb.KotlinCodecProvider@482ba4b1]}, loggerSettings=LoggerSettings{maxDocumentLength=1000}, clusterSettings={hosts=[localhost:27017], srvServiceName=mongodb, mode=SINGLE, requiredClusterType=UNKNOWN, requiredReplicaSetName='null', serverSelector='null', clusterListeners='[]', serverSelectionTimeout='30000 ms', localThreshold='15 ms'}, socketSettings=SocketSettings{connectTimeoutMS=10000, readTimeoutMS=0, receiveBufferSize=0, proxySettings=ProxySettings{host=null, port=null, username=null, password=null}}, heartbeatSocketSettings=SocketSettings{connectTimeoutMS=10000, readTimeoutMS=10000, receiveBufferSize=0, proxySettings=ProxySettings{host=null, port=null, username=null, password=null}}, connectionPoolSettings=ConnectionPoolSettings{maxSize=100, minSize=0, maxWaitTimeMS=120000, maxConnectionLifeTimeMS=0, maxConnectionIdleTimeMS=0, maintenanceInitialDelayMS=0, maintenanceFrequencyMS=60000, connectionPoolListeners=[], maxConnecting=2}, serverSettings=ServerSettings{heartbeatFrequencyMS=10000, minHeartbeatFrequencyMS=500, serverListeners='[]', serverMonitorListeners='[]'}, sslSettings=SslSettings{enabled=false, invalidHostNameAllowed=false, context=null}, applicationName='null', compressorList=[], uuidRepresentation=JAVA_LEGACY, serverApi=null, autoEncryptionSettings=null, dnsClient=null, inetAddressResolver=null, contextProvider=null}
2024-05-31 15:41:57.024  INFO 17056 --- [cluster-ClusterId{value='66597f4492c96d66cf41e9a8', description='null'}-localhost:27017] org.mongodb.driver.cluster               : Monitor thread successfully connected to server with description ServerDescription{address=localhost:27017, type=STANDALONE, state=CONNECTED, ok=true, minWireVersion=0, maxWireVersion=21, maxDocumentSize=16777216, logicalSessionTimeoutMinutes=30, roundTripTimeNanos=95775200}
2024-05-31 15:41:58.878  INFO 17056 --- [main] o.s.b.web.embedded.netty.NettyWebServer  : Netty started on port 55057
2024-05-31 15:41:58.966  INFO 17056 --- [main] man.api.warehouse.UserHandlerTests       : Started UserHandlerTests in 6.67 seconds (process running for 9.447)
2024-05-31 15:42:01.119  INFO 17056 --- [nioEventLoopGroup-3-3] m.a.w.system.controller.UserHandler      : User found: man.api.warehouse.system.model.dto.UserDto@4b69d3fb
2024-05-31 15:42:01.244 ERROR 17056 --- [main] o.s.t.w.reactive.server.ExchangeResult   : Request details for assertion failure:

> POST http://localhost:55057/api/refresh-token
> accept-encoding: [gzip]
> user-agent: [ReactorNetty/1.1.18]
> host: [localhost:55057]
> WebTestClient-Request-Id: [2]
> Content-Type: [application/json]
> Accept: [application/json]
> Content-Length: [177]

{"refreshToken":"eyJhbGciOiJIUzUxMiJ9.eyJzdWIiOiJqYW5lX3NtaXRoIiwiZXhwIjoxNzE3NzQ2MTIxfQ.m8Kxs-tT0D094NY-JKvr_QeE_G6VNrw1v1aGL_hUyxKETakVqSxOHlDpmjagzb16vOLXrk6o3vuHG5VTZVNoBw"}

< 404 NOT_FOUND Not Found
< Content-Type: [application/json]
< Content-Length: [131]
< Cache-Control: [no-cache, no-store, max-age=0, must-revalidate]
< Pragma: [no-cache]
< Expires: [0]
< X-Content-Type-Options: [nosniff]
< X-Frame-Options: [DENY]
< X-XSS-Protection: [0]
< Referrer-Policy: [no-referrer]

{"timestamp":"2024-05-31T07:42:01.229+00:00","path":"/api/refresh-token","status":404,"error":"Not Found","requestId":"01e7ca0b-2"}

2024-05-31 15:42:29.349  INFO 16400 --- [main] man.api.warehouse.UserHandlerTests       : Starting UserHandlerTests using Java 21.0.2 with PID 16400 (started by asus in D:\program files\IDEA\Reactive-Warehouse)
2024-05-31 15:42:29.353  INFO 16400 --- [main] man.api.warehouse.UserHandlerTests       : No active profile set, falling back to 1 default profile: "default"
2024-05-31 15:42:30.699  INFO 16400 --- [main] .s.d.r.c.RepositoryConfigurationDelegate : Bootstrapping Spring Data Reactive MongoDB repositories in DEFAULT mode.
2024-05-31 15:42:30.903  INFO 16400 --- [main] .s.d.r.c.RepositoryConfigurationDelegate : Finished Spring Data repository scanning in 198 ms. Found 6 Reactive MongoDB repository interfaces.
2024-05-31 15:42:31.977  INFO 16400 --- [main] org.mongodb.driver.client                : MongoClient with metadata {"driver": {"name": "mongo-java-driver|reactive-streams|spring-boot", "version": "4.11.2"}, "os": {"type": "Windows", "name": "Windows 11", "architecture": "amd64", "version": "10.0"}, "platform": "Java/Oracle Corporation/21.0.2+13-LTS-58"} created with settings MongoClientSettings{readPreference=primary, writeConcern=WriteConcern{w=null, wTimeout=null ms, journal=null}, retryWrites=true, retryReads=true, readConcern=ReadConcern{level=null}, credential=null, transportSettings=NettyTransportSettings{eventLoopGroup=io.netty.channel.nio.NioEventLoopGroup@76a6f045, socketChannelClass=null, allocator=null, sslContext=null}, streamFactoryFactory=null, commandListeners=[], codecRegistry=ProvidersCodecRegistry{codecProviders=[ValueCodecProvider{}, BsonValueCodecProvider{}, DBRefCodecProvider{}, DBObjectCodecProvider{}, DocumentCodecProvider{}, CollectionCodecProvider{}, IterableCodecProvider{}, MapCodecProvider{}, GeoJsonCodecProvider{}, GridFSFileCodecProvider{}, Jsr310CodecProvider{}, JsonObjectCodecProvider{}, BsonCodecProvider{}, EnumCodecProvider{}, com.mongodb.client.model.mql.ExpressionCodecProvider@633ddc0c, com.mongodb.Jep395RecordCodecProvider@4bcdd11, com.mongodb.KotlinCodecProvider@1471b98d]}, loggerSettings=LoggerSettings{maxDocumentLength=1000}, clusterSettings={hosts=[localhost:27017], srvServiceName=mongodb, mode=SINGLE, requiredClusterType=UNKNOWN, requiredReplicaSetName='null', serverSelector='null', clusterListeners='[]', serverSelectionTimeout='30000 ms', localThreshold='15 ms'}, socketSettings=SocketSettings{connectTimeoutMS=10000, readTimeoutMS=0, receiveBufferSize=0, proxySettings=ProxySettings{host=null, port=null, username=null, password=null}}, heartbeatSocketSettings=SocketSettings{connectTimeoutMS=10000, readTimeoutMS=10000, receiveBufferSize=0, proxySettings=ProxySettings{host=null, port=null, username=null, password=null}}, connectionPoolSettings=ConnectionPoolSettings{maxSize=100, minSize=0, maxWaitTimeMS=120000, maxConnectionLifeTimeMS=0, maxConnectionIdleTimeMS=0, maintenanceInitialDelayMS=0, maintenanceFrequencyMS=60000, connectionPoolListeners=[], maxConnecting=2}, serverSettings=ServerSettings{heartbeatFrequencyMS=10000, minHeartbeatFrequencyMS=500, serverListeners='[]', serverMonitorListeners='[]'}, sslSettings=SslSettings{enabled=false, invalidHostNameAllowed=false, context=null}, applicationName='null', compressorList=[], uuidRepresentation=JAVA_LEGACY, serverApi=null, autoEncryptionSettings=null, dnsClient=null, inetAddressResolver=null, contextProvider=null}
2024-05-31 15:42:32.112  INFO 16400 --- [cluster-ClusterId{value='66597f67fd945218d00f2ee8', description='null'}-localhost:27017] org.mongodb.driver.cluster               : Monitor thread successfully connected to server with description ServerDescription{address=localhost:27017, type=STANDALONE, state=CONNECTED, ok=true, minWireVersion=0, maxWireVersion=21, maxDocumentSize=16777216, logicalSessionTimeoutMinutes=30, roundTripTimeNanos=76060400}
2024-05-31 15:42:33.798  INFO 16400 --- [main] o.s.b.web.embedded.netty.NettyWebServer  : Netty started on port 55067
2024-05-31 15:42:33.826  INFO 16400 --- [main] man.api.warehouse.UserHandlerTests       : Started UserHandlerTests in 4.984 seconds (process running for 6.597)
2024-05-31 15:42:35.408  INFO 16400 --- [nioEventLoopGroup-3-3] m.a.w.system.controller.UserHandler      : User found: man.api.warehouse.system.model.dto.UserDto@2253485b
2024-05-31 15:42:59.066  INFO 2788 --- [main] man.api.warehouse.UserHandlerTests       : Starting UserHandlerTests using Java 21.0.2 with PID 2788 (started by asus in D:\program files\IDEA\Reactive-Warehouse)
2024-05-31 15:42:59.068  INFO 2788 --- [main] man.api.warehouse.UserHandlerTests       : No active profile set, falling back to 1 default profile: "default"
2024-05-31 15:43:00.058  INFO 2788 --- [main] .s.d.r.c.RepositoryConfigurationDelegate : Bootstrapping Spring Data Reactive MongoDB repositories in DEFAULT mode.
2024-05-31 15:43:00.197  INFO 2788 --- [main] .s.d.r.c.RepositoryConfigurationDelegate : Finished Spring Data repository scanning in 133 ms. Found 6 Reactive MongoDB repository interfaces.
2024-05-31 15:43:01.092  INFO 2788 --- [main] org.mongodb.driver.client                : MongoClient with metadata {"driver": {"name": "mongo-java-driver|reactive-streams|spring-boot", "version": "4.11.2"}, "os": {"type": "Windows", "name": "Windows 11", "architecture": "amd64", "version": "10.0"}, "platform": "Java/Oracle Corporation/21.0.2+13-LTS-58"} created with settings MongoClientSettings{readPreference=primary, writeConcern=WriteConcern{w=null, wTimeout=null ms, journal=null}, retryWrites=true, retryReads=true, readConcern=ReadConcern{level=null}, credential=null, transportSettings=NettyTransportSettings{eventLoopGroup=io.netty.channel.nio.NioEventLoopGroup@1471b98d, socketChannelClass=null, allocator=null, sslContext=null}, streamFactoryFactory=null, commandListeners=[], codecRegistry=ProvidersCodecRegistry{codecProviders=[ValueCodecProvider{}, BsonValueCodecProvider{}, DBRefCodecProvider{}, DBObjectCodecProvider{}, DocumentCodecProvider{}, CollectionCodecProvider{}, IterableCodecProvider{}, MapCodecProvider{}, GeoJsonCodecProvider{}, GridFSFileCodecProvider{}, Jsr310CodecProvider{}, JsonObjectCodecProvider{}, BsonCodecProvider{}, EnumCodecProvider{}, com.mongodb.client.model.mql.ExpressionCodecProvider@5514579e, com.mongodb.Jep395RecordCodecProvider@58c42c8c, com.mongodb.KotlinCodecProvider@3af236d0]}, loggerSettings=LoggerSettings{maxDocumentLength=1000}, clusterSettings={hosts=[localhost:27017], srvServiceName=mongodb, mode=SINGLE, requiredClusterType=UNKNOWN, requiredReplicaSetName='null', serverSelector='null', clusterListeners='[]', serverSelectionTimeout='30000 ms', localThreshold='15 ms'}, socketSettings=SocketSettings{connectTimeoutMS=10000, readTimeoutMS=0, receiveBufferSize=0, proxySettings=ProxySettings{host=null, port=null, username=null, password=null}}, heartbeatSocketSettings=SocketSettings{connectTimeoutMS=10000, readTimeoutMS=10000, receiveBufferSize=0, proxySettings=ProxySettings{host=null, port=null, username=null, password=null}}, connectionPoolSettings=ConnectionPoolSettings{maxSize=100, minSize=0, maxWaitTimeMS=120000, maxConnectionLifeTimeMS=0, maxConnectionIdleTimeMS=0, maintenanceInitialDelayMS=0, maintenanceFrequencyMS=60000, connectionPoolListeners=[], maxConnecting=2}, serverSettings=ServerSettings{heartbeatFrequencyMS=10000, minHeartbeatFrequencyMS=500, serverListeners='[]', serverMonitorListeners='[]'}, sslSettings=SslSettings{enabled=false, invalidHostNameAllowed=false, context=null}, applicationName='null', compressorList=[], uuidRepresentation=JAVA_LEGACY, serverApi=null, autoEncryptionSettings=null, dnsClient=null, inetAddressResolver=null, contextProvider=null}
2024-05-31 15:43:01.212  INFO 2788 --- [cluster-ClusterId{value='66597f8521b36f41b5ae0cb2', description='null'}-localhost:27017] org.mongodb.driver.cluster               : Monitor thread successfully connected to server with description ServerDescription{address=localhost:27017, type=STANDALONE, state=CONNECTED, ok=true, minWireVersion=0, maxWireVersion=21, maxDocumentSize=16777216, logicalSessionTimeoutMinutes=30, roundTripTimeNanos=63695900}
2024-05-31 15:43:02.782  INFO 2788 --- [main] o.s.b.web.embedded.netty.NettyWebServer  : Netty started on port 55076
2024-05-31 15:43:02.808  INFO 2788 --- [main] man.api.warehouse.UserHandlerTests       : Started UserHandlerTests in 4.164 seconds (process running for 5.554)
2024-05-31 15:43:04.405  INFO 2788 --- [nioEventLoopGroup-3-3] m.a.w.system.controller.UserHandler      : User found: man.api.warehouse.system.model.dto.UserDto@70aa986e
2024-05-31 15:43:04.535 ERROR 2788 --- [main] o.s.t.w.reactive.server.ExchangeResult   : Request details for assertion failure:

> POST http://localhost:55076/api/refresh-token
> accept-encoding: [gzip]
> user-agent: [ReactorNetty/1.1.18]
> host: [localhost:55076]
> WebTestClient-Request-Id: [2]
> Content-Type: [application/json]
> Accept: [application/json]
> Content-Length: [177]

{"refreshToken":"eyJhbGciOiJIUzUxMiJ9.eyJzdWIiOiJqYW5lX3NtaXRoIiwiZXhwIjoxNzE3NzQ2MTg0fQ.FG3cr0k_Rrf-bBoDppevKX0rEqZsyPkheDdBmiYaWfCMybCjBMSCZLEcazrs0opnh-p-eqUsErpbOkhp8T72SQ"}

< 404 NOT_FOUND Not Found
< Content-Type: [application/json]
< Content-Length: [131]
< Cache-Control: [no-cache, no-store, max-age=0, must-revalidate]
< Pragma: [no-cache]
< Expires: [0]
< X-Content-Type-Options: [nosniff]
< X-Frame-Options: [DENY]
< X-XSS-Protection: [0]
< Referrer-Policy: [no-referrer]

{"timestamp":"2024-05-31T07:43:04.519+00:00","path":"/api/refresh-token","status":404,"error":"Not Found","requestId":"b73c23fa-2"}

2024-05-31 15:43:44.683  INFO 16108 --- [main] man.api.warehouse.UserHandlerTests       : Starting UserHandlerTests using Java 21.0.2 with PID 16108 (started by asus in D:\program files\IDEA\Reactive-Warehouse)
2024-05-31 15:43:44.686  INFO 16108 --- [main] man.api.warehouse.UserHandlerTests       : No active profile set, falling back to 1 default profile: "default"
2024-05-31 15:43:45.802  INFO 16108 --- [main] .s.d.r.c.RepositoryConfigurationDelegate : Bootstrapping Spring Data Reactive MongoDB repositories in DEFAULT mode.
2024-05-31 15:43:45.990  INFO 16108 --- [main] .s.d.r.c.RepositoryConfigurationDelegate : Finished Spring Data repository scanning in 182 ms. Found 6 Reactive MongoDB repository interfaces.
2024-05-31 15:43:46.996  INFO 16108 --- [main] org.mongodb.driver.client                : MongoClient with metadata {"driver": {"name": "mongo-java-driver|reactive-streams|spring-boot", "version": "4.11.2"}, "os": {"type": "Windows", "name": "Windows 11", "architecture": "amd64", "version": "10.0"}, "platform": "Java/Oracle Corporation/21.0.2+13-LTS-58"} created with settings MongoClientSettings{readPreference=primary, writeConcern=WriteConcern{w=null, wTimeout=null ms, journal=null}, retryWrites=true, retryReads=true, readConcern=ReadConcern{level=null}, credential=null, transportSettings=NettyTransportSettings{eventLoopGroup=io.netty.channel.nio.NioEventLoopGroup@5db0003d, socketChannelClass=null, allocator=null, sslContext=null}, streamFactoryFactory=null, commandListeners=[], codecRegistry=ProvidersCodecRegistry{codecProviders=[ValueCodecProvider{}, BsonValueCodecProvider{}, DBRefCodecProvider{}, DBObjectCodecProvider{}, DocumentCodecProvider{}, CollectionCodecProvider{}, IterableCodecProvider{}, MapCodecProvider{}, GeoJsonCodecProvider{}, GridFSFileCodecProvider{}, Jsr310CodecProvider{}, JsonObjectCodecProvider{}, BsonCodecProvider{}, EnumCodecProvider{}, com.mongodb.client.model.mql.ExpressionCodecProvider@7f12094d, com.mongodb.Jep395RecordCodecProvider@589fb74d, com.mongodb.KotlinCodecProvider@200d1a3d]}, loggerSettings=LoggerSettings{maxDocumentLength=1000}, clusterSettings={hosts=[localhost:27017], srvServiceName=mongodb, mode=SINGLE, requiredClusterType=UNKNOWN, requiredReplicaSetName='null', serverSelector='null', clusterListeners='[]', serverSelectionTimeout='30000 ms', localThreshold='15 ms'}, socketSettings=SocketSettings{connectTimeoutMS=10000, readTimeoutMS=0, receiveBufferSize=0, proxySettings=ProxySettings{host=null, port=null, username=null, password=null}}, heartbeatSocketSettings=SocketSettings{connectTimeoutMS=10000, readTimeoutMS=10000, receiveBufferSize=0, proxySettings=ProxySettings{host=null, port=null, username=null, password=null}}, connectionPoolSettings=ConnectionPoolSettings{maxSize=100, minSize=0, maxWaitTimeMS=120000, maxConnectionLifeTimeMS=0, maxConnectionIdleTimeMS=0, maintenanceInitialDelayMS=0, maintenanceFrequencyMS=60000, connectionPoolListeners=[], maxConnecting=2}, serverSettings=ServerSettings{heartbeatFrequencyMS=10000, minHeartbeatFrequencyMS=500, serverListeners='[]', serverMonitorListeners='[]'}, sslSettings=SslSettings{enabled=false, invalidHostNameAllowed=false, context=null}, applicationName='null', compressorList=[], uuidRepresentation=JAVA_LEGACY, serverApi=null, autoEncryptionSettings=null, dnsClient=null, inetAddressResolver=null, contextProvider=null}
2024-05-31 15:43:47.132  INFO 16108 --- [cluster-ClusterId{value='66597fb25cce6e74966fc232', description='null'}-localhost:27017] org.mongodb.driver.cluster               : Monitor thread successfully connected to server with description ServerDescription{address=localhost:27017, type=STANDALONE, state=CONNECTED, ok=true, minWireVersion=0, maxWireVersion=21, maxDocumentSize=16777216, logicalSessionTimeoutMinutes=30, roundTripTimeNanos=75951500}
2024-05-31 15:43:48.691  INFO 16108 --- [main] o.s.b.web.embedded.netty.NettyWebServer  : Netty started on port 55084
2024-05-31 15:43:48.717  INFO 16108 --- [main] man.api.warehouse.UserHandlerTests       : Started UserHandlerTests in 4.581 seconds (process running for 6.23)
2024-05-31 15:43:50.270  INFO 16108 --- [nioEventLoopGroup-3-3] m.a.w.system.controller.UserHandler      : User found: man.api.warehouse.system.model.dto.UserDto@4c867047
2024-05-31 15:43:50.389 ERROR 16108 --- [main] o.s.t.w.reactive.server.ExchangeResult   : Request details for assertion failure:

> POST http://localhost:55084/api/refreshToken
> accept-encoding: [gzip]
> user-agent: [ReactorNetty/1.1.18]
> host: [localhost:55084]
> WebTestClient-Request-Id: [2]
> Content-Type: [application/json]
> Accept: [application/json]
> Content-Length: [177]

{"refreshToken":"eyJhbGciOiJIUzUxMiJ9.eyJzdWIiOiJqYW5lX3NtaXRoIiwiZXhwIjoxNzE3NzQ2MjMwfQ.LXmzE-JafRm70DQ-VqAND6l5GBzdAhwUucqr223vTi-G-v4YKo4ocoOzV2vlZ_U-BpaYdF1cf5qlrs2-VT8LFQ"}

< 404 NOT_FOUND Not Found
< Content-Type: [application/json]
< Content-Length: [130]
< Cache-Control: [no-cache, no-store, max-age=0, must-revalidate]
< Pragma: [no-cache]
< Expires: [0]
< X-Content-Type-Options: [nosniff]
< X-Frame-Options: [DENY]
< X-XSS-Protection: [0]
< Referrer-Policy: [no-referrer]

{"timestamp":"2024-05-31T07:43:50.371+00:00","path":"/api/refreshToken","status":404,"error":"Not Found","requestId":"27425752-2"}

2024-05-31 15:44:07.603  INFO 19276 --- [main] man.api.warehouse.UserHandlerTests       : Starting UserHandlerTests using Java 21.0.2 with PID 19276 (started by asus in D:\program files\IDEA\Reactive-Warehouse)
2024-05-31 15:44:07.606  INFO 19276 --- [main] man.api.warehouse.UserHandlerTests       : No active profile set, falling back to 1 default profile: "default"
2024-05-31 15:44:08.795  INFO 19276 --- [main] .s.d.r.c.RepositoryConfigurationDelegate : Bootstrapping Spring Data Reactive MongoDB repositories in DEFAULT mode.
2024-05-31 15:44:09.001  INFO 19276 --- [main] .s.d.r.c.RepositoryConfigurationDelegate : Finished Spring Data repository scanning in 200 ms. Found 6 Reactive MongoDB repository interfaces.
2024-05-31 15:44:09.992  INFO 19276 --- [main] org.mongodb.driver.client                : MongoClient with metadata {"driver": {"name": "mongo-java-driver|reactive-streams|spring-boot", "version": "4.11.2"}, "os": {"type": "Windows", "name": "Windows 11", "architecture": "amd64", "version": "10.0"}, "platform": "Java/Oracle Corporation/21.0.2+13-LTS-58"} created with settings MongoClientSettings{readPreference=primary, writeConcern=WriteConcern{w=null, wTimeout=null ms, journal=null}, retryWrites=true, retryReads=true, readConcern=ReadConcern{level=null}, credential=null, transportSettings=NettyTransportSettings{eventLoopGroup=io.netty.channel.nio.NioEventLoopGroup@76a6f045, socketChannelClass=null, allocator=null, sslContext=null}, streamFactoryFactory=null, commandListeners=[], codecRegistry=ProvidersCodecRegistry{codecProviders=[ValueCodecProvider{}, BsonValueCodecProvider{}, DBRefCodecProvider{}, DBObjectCodecProvider{}, DocumentCodecProvider{}, CollectionCodecProvider{}, IterableCodecProvider{}, MapCodecProvider{}, GeoJsonCodecProvider{}, GridFSFileCodecProvider{}, Jsr310CodecProvider{}, JsonObjectCodecProvider{}, BsonCodecProvider{}, EnumCodecProvider{}, com.mongodb.client.model.mql.ExpressionCodecProvider@633ddc0c, com.mongodb.Jep395RecordCodecProvider@4bcdd11, com.mongodb.KotlinCodecProvider@1471b98d]}, loggerSettings=LoggerSettings{maxDocumentLength=1000}, clusterSettings={hosts=[localhost:27017], srvServiceName=mongodb, mode=SINGLE, requiredClusterType=UNKNOWN, requiredReplicaSetName='null', serverSelector='null', clusterListeners='[]', serverSelectionTimeout='30000 ms', localThreshold='15 ms'}, socketSettings=SocketSettings{connectTimeoutMS=10000, readTimeoutMS=0, receiveBufferSize=0, proxySettings=ProxySettings{host=null, port=null, username=null, password=null}}, heartbeatSocketSettings=SocketSettings{connectTimeoutMS=10000, readTimeoutMS=10000, receiveBufferSize=0, proxySettings=ProxySettings{host=null, port=null, username=null, password=null}}, connectionPoolSettings=ConnectionPoolSettings{maxSize=100, minSize=0, maxWaitTimeMS=120000, maxConnectionLifeTimeMS=0, maxConnectionIdleTimeMS=0, maintenanceInitialDelayMS=0, maintenanceFrequencyMS=60000, connectionPoolListeners=[], maxConnecting=2}, serverSettings=ServerSettings{heartbeatFrequencyMS=10000, minHeartbeatFrequencyMS=500, serverListeners='[]', serverMonitorListeners='[]'}, sslSettings=SslSettings{enabled=false, invalidHostNameAllowed=false, context=null}, applicationName='null', compressorList=[], uuidRepresentation=JAVA_LEGACY, serverApi=null, autoEncryptionSettings=null, dnsClient=null, inetAddressResolver=null, contextProvider=null}
2024-05-31 15:44:10.144  INFO 19276 --- [cluster-ClusterId{value='66597fc951ea6a55d781c8a4', description='null'}-localhost:27017] org.mongodb.driver.cluster               : Monitor thread successfully connected to server with description ServerDescription{address=localhost:27017, type=STANDALONE, state=CONNECTED, ok=true, minWireVersion=0, maxWireVersion=21, maxDocumentSize=16777216, logicalSessionTimeoutMinutes=30, roundTripTimeNanos=91630800}
2024-05-31 15:44:11.718  INFO 19276 --- [main] o.s.b.web.embedded.netty.NettyWebServer  : Netty started on port 55097
2024-05-31 15:44:11.747  INFO 19276 --- [main] man.api.warehouse.UserHandlerTests       : Started UserHandlerTests in 4.675 seconds (process running for 6.427)
2024-05-31 15:44:13.419  INFO 19276 --- [nioEventLoopGroup-3-3] m.a.w.system.controller.UserHandler      : User found: man.api.warehouse.system.model.dto.UserDto@2253485b
2024-05-31 15:56:16.136  INFO 18300 --- [main] man.api.warehouse.UserHandlerTests       : Starting UserHandlerTests using Java 21.0.2 with PID 18300 (started by asus in D:\program files\IDEA\Reactive-Warehouse)
2024-05-31 15:56:16.139  INFO 18300 --- [main] man.api.warehouse.UserHandlerTests       : No active profile set, falling back to 1 default profile: "default"
2024-05-31 15:56:17.199  INFO 18300 --- [main] .s.d.r.c.RepositoryConfigurationDelegate : Bootstrapping Spring Data Reactive MongoDB repositories in DEFAULT mode.
2024-05-31 15:56:17.413  INFO 18300 --- [main] .s.d.r.c.RepositoryConfigurationDelegate : Finished Spring Data repository scanning in 207 ms. Found 6 Reactive MongoDB repository interfaces.
2024-05-31 15:56:18.501  INFO 18300 --- [main] org.mongodb.driver.client                : MongoClient with metadata {"driver": {"name": "mongo-java-driver|reactive-streams|spring-boot", "version": "4.11.2"}, "os": {"type": "Windows", "name": "Windows 11", "architecture": "amd64", "version": "10.0"}, "platform": "Java/Oracle Corporation/21.0.2+13-LTS-58"} created with settings MongoClientSettings{readPreference=primary, writeConcern=WriteConcern{w=null, wTimeout=null ms, journal=null}, retryWrites=true, retryReads=true, readConcern=ReadConcern{level=null}, credential=null, transportSettings=NettyTransportSettings{eventLoopGroup=io.netty.channel.nio.NioEventLoopGroup@537b3b2e, socketChannelClass=null, allocator=null, sslContext=null}, streamFactoryFactory=null, commandListeners=[], codecRegistry=ProvidersCodecRegistry{codecProviders=[ValueCodecProvider{}, BsonValueCodecProvider{}, DBRefCodecProvider{}, DBObjectCodecProvider{}, DocumentCodecProvider{}, CollectionCodecProvider{}, IterableCodecProvider{}, MapCodecProvider{}, GeoJsonCodecProvider{}, GridFSFileCodecProvider{}, Jsr310CodecProvider{}, JsonObjectCodecProvider{}, BsonCodecProvider{}, EnumCodecProvider{}, com.mongodb.client.model.mql.ExpressionCodecProvider@1544ded3, com.mongodb.Jep395RecordCodecProvider@3ccb12d, com.mongodb.KotlinCodecProvider@28b458e6]}, loggerSettings=LoggerSettings{maxDocumentLength=1000}, clusterSettings={hosts=[localhost:27017], srvServiceName=mongodb, mode=SINGLE, requiredClusterType=UNKNOWN, requiredReplicaSetName='null', serverSelector='null', clusterListeners='[]', serverSelectionTimeout='30000 ms', localThreshold='15 ms'}, socketSettings=SocketSettings{connectTimeoutMS=10000, readTimeoutMS=0, receiveBufferSize=0, proxySettings=ProxySettings{host=null, port=null, username=null, password=null}}, heartbeatSocketSettings=SocketSettings{connectTimeoutMS=10000, readTimeoutMS=10000, receiveBufferSize=0, proxySettings=ProxySettings{host=null, port=null, username=null, password=null}}, connectionPoolSettings=ConnectionPoolSettings{maxSize=100, minSize=0, maxWaitTimeMS=120000, maxConnectionLifeTimeMS=0, maxConnectionIdleTimeMS=0, maintenanceInitialDelayMS=0, maintenanceFrequencyMS=60000, connectionPoolListeners=[], maxConnecting=2}, serverSettings=ServerSettings{heartbeatFrequencyMS=10000, minHeartbeatFrequencyMS=500, serverListeners='[]', serverMonitorListeners='[]'}, sslSettings=SslSettings{enabled=false, invalidHostNameAllowed=false, context=null}, applicationName='null', compressorList=[], uuidRepresentation=JAVA_LEGACY, serverApi=null, autoEncryptionSettings=null, dnsClient=null, inetAddressResolver=null, contextProvider=null}
2024-05-31 15:56:18.663  INFO 18300 --- [cluster-ClusterId{value='665982a289390907dc63a0bb', description='null'}-localhost:27017] org.mongodb.driver.cluster               : Monitor thread successfully connected to server with description ServerDescription{address=localhost:27017, type=STANDALONE, state=CONNECTED, ok=true, minWireVersion=0, maxWireVersion=21, maxDocumentSize=16777216, logicalSessionTimeoutMinutes=30, roundTripTimeNanos=84233400}
2024-05-31 15:56:20.332  INFO 18300 --- [main] o.s.b.web.embedded.netty.NettyWebServer  : Netty started on port 64402
2024-05-31 15:56:20.357  INFO 18300 --- [main] man.api.warehouse.UserHandlerTests       : Started UserHandlerTests in 4.661 seconds (process running for 6.718)
2024-05-31 15:56:22.129  INFO 18300 --- [nioEventLoopGroup-3-3] m.a.w.system.controller.UserHandler      : User found: man.api.warehouse.system.model.dto.UserDto@f832166
2024-05-31 15:56:46.658  INFO 16936 --- [main] man.api.warehouse.UserHandlerTests       : Starting UserHandlerTests using Java 21.0.2 with PID 16936 (started by asus in D:\program files\IDEA\Reactive-Warehouse)
2024-05-31 15:56:46.662  INFO 16936 --- [main] man.api.warehouse.UserHandlerTests       : No active profile set, falling back to 1 default profile: "default"
2024-05-31 15:56:48.277  INFO 16936 --- [main] .s.d.r.c.RepositoryConfigurationDelegate : Bootstrapping Spring Data Reactive MongoDB repositories in DEFAULT mode.
2024-05-31 15:56:48.568  INFO 16936 --- [main] .s.d.r.c.RepositoryConfigurationDelegate : Finished Spring Data repository scanning in 283 ms. Found 6 Reactive MongoDB repository interfaces.
2024-05-31 15:56:49.880  INFO 16936 --- [main] org.mongodb.driver.client                : MongoClient with metadata {"driver": {"name": "mongo-java-driver|reactive-streams|spring-boot", "version": "4.11.2"}, "os": {"type": "Windows", "name": "Windows 11", "architecture": "amd64", "version": "10.0"}, "platform": "Java/Oracle Corporation/21.0.2+13-LTS-58"} created with settings MongoClientSettings{readPreference=primary, writeConcern=WriteConcern{w=null, wTimeout=null ms, journal=null}, retryWrites=true, retryReads=true, readConcern=ReadConcern{level=null}, credential=null, transportSettings=NettyTransportSettings{eventLoopGroup=io.netty.channel.nio.NioEventLoopGroup@30036a18, socketChannelClass=null, allocator=null, sslContext=null}, streamFactoryFactory=null, commandListeners=[], codecRegistry=ProvidersCodecRegistry{codecProviders=[ValueCodecProvider{}, BsonValueCodecProvider{}, DBRefCodecProvider{}, DBObjectCodecProvider{}, DocumentCodecProvider{}, CollectionCodecProvider{}, IterableCodecProvider{}, MapCodecProvider{}, GeoJsonCodecProvider{}, GridFSFileCodecProvider{}, Jsr310CodecProvider{}, JsonObjectCodecProvider{}, BsonCodecProvider{}, EnumCodecProvider{}, com.mongodb.client.model.mql.ExpressionCodecProvider@537b3b2e, com.mongodb.Jep395RecordCodecProvider@1544ded3, com.mongodb.KotlinCodecProvider@3ccb12d]}, loggerSettings=LoggerSettings{maxDocumentLength=1000}, clusterSettings={hosts=[localhost:27017], srvServiceName=mongodb, mode=SINGLE, requiredClusterType=UNKNOWN, requiredReplicaSetName='null', serverSelector='null', clusterListeners='[]', serverSelectionTimeout='30000 ms', localThreshold='15 ms'}, socketSettings=SocketSettings{connectTimeoutMS=10000, readTimeoutMS=0, receiveBufferSize=0, proxySettings=ProxySettings{host=null, port=null, username=null, password=null}}, heartbeatSocketSettings=SocketSettings{connectTimeoutMS=10000, readTimeoutMS=10000, receiveBufferSize=0, proxySettings=ProxySettings{host=null, port=null, username=null, password=null}}, connectionPoolSettings=ConnectionPoolSettings{maxSize=100, minSize=0, maxWaitTimeMS=120000, maxConnectionLifeTimeMS=0, maxConnectionIdleTimeMS=0, maintenanceInitialDelayMS=0, maintenanceFrequencyMS=60000, connectionPoolListeners=[], maxConnecting=2}, serverSettings=ServerSettings{heartbeatFrequencyMS=10000, minHeartbeatFrequencyMS=500, serverListeners='[]', serverMonitorListeners='[]'}, sslSettings=SslSettings{enabled=false, invalidHostNameAllowed=false, context=null}, applicationName='null', compressorList=[], uuidRepresentation=JAVA_LEGACY, serverApi=null, autoEncryptionSettings=null, dnsClient=null, inetAddressResolver=null, contextProvider=null}
2024-05-31 15:56:50.028  INFO 16936 --- [cluster-ClusterId{value='665982c1df53472bbae0bb9e', description='null'}-localhost:27017] org.mongodb.driver.cluster               : Monitor thread successfully connected to server with description ServerDescription{address=localhost:27017, type=STANDALONE, state=CONNECTED, ok=true, minWireVersion=0, maxWireVersion=21, maxDocumentSize=16777216, logicalSessionTimeoutMinutes=30, roundTripTimeNanos=74480000}
2024-05-31 15:56:51.798  INFO 16936 --- [main] o.s.b.web.embedded.netty.NettyWebServer  : Netty started on port 64422
2024-05-31 15:56:51.822  INFO 16936 --- [main] man.api.warehouse.UserHandlerTests       : Started UserHandlerTests in 5.781 seconds (process running for 7.729)
2024-05-31 15:56:53.785  INFO 16936 --- [nioEventLoopGroup-3-3] m.a.w.system.controller.UserHandler      : User found: man.api.warehouse.system.model.dto.UserDto@639851bf
2024-05-31 15:56:54.204  INFO 16936 --- [nioEventLoopGroup-3-3] m.a.w.system.controller.UserHandler      : User found: man.api.warehouse.system.model.dto.UserDto@6fd3c260
2024-05-31 15:57:25.964  INFO 16080 --- [main] man.api.warehouse.UserHandlerTests       : Starting UserHandlerTests using Java 21.0.2 with PID 16080 (started by asus in D:\program files\IDEA\Reactive-Warehouse)
2024-05-31 15:57:25.966  INFO 16080 --- [main] man.api.warehouse.UserHandlerTests       : No active profile set, falling back to 1 default profile: "default"
2024-05-31 15:57:26.952  INFO 16080 --- [main] .s.d.r.c.RepositoryConfigurationDelegate : Bootstrapping Spring Data Reactive MongoDB repositories in DEFAULT mode.
2024-05-31 15:57:27.119  INFO 16080 --- [main] .s.d.r.c.RepositoryConfigurationDelegate : Finished Spring Data repository scanning in 162 ms. Found 6 Reactive MongoDB repository interfaces.
2024-05-31 15:57:28.326  INFO 16080 --- [main] org.mongodb.driver.client                : MongoClient with metadata {"driver": {"name": "mongo-java-driver|reactive-streams|spring-boot", "version": "4.11.2"}, "os": {"type": "Windows", "name": "Windows 11", "architecture": "amd64", "version": "10.0"}, "platform": "Java/Oracle Corporation/21.0.2+13-LTS-58"} created with settings MongoClientSettings{readPreference=primary, writeConcern=WriteConcern{w=null, wTimeout=null ms, journal=null}, retryWrites=true, retryReads=true, readConcern=ReadConcern{level=null}, credential=null, transportSettings=NettyTransportSettings{eventLoopGroup=io.netty.channel.nio.NioEventLoopGroup@448cdb47, socketChannelClass=null, allocator=null, sslContext=null}, streamFactoryFactory=null, commandListeners=[], codecRegistry=ProvidersCodecRegistry{codecProviders=[ValueCodecProvider{}, BsonValueCodecProvider{}, DBRefCodecProvider{}, DBObjectCodecProvider{}, DocumentCodecProvider{}, CollectionCodecProvider{}, IterableCodecProvider{}, MapCodecProvider{}, GeoJsonCodecProvider{}, GridFSFileCodecProvider{}, Jsr310CodecProvider{}, JsonObjectCodecProvider{}, BsonCodecProvider{}, EnumCodecProvider{}, com.mongodb.client.model.mql.ExpressionCodecProvider@4628a02b, com.mongodb.Jep395RecordCodecProvider@2b01c689, com.mongodb.KotlinCodecProvider@51424203]}, loggerSettings=LoggerSettings{maxDocumentLength=1000}, clusterSettings={hosts=[localhost:27017], srvServiceName=mongodb, mode=SINGLE, requiredClusterType=UNKNOWN, requiredReplicaSetName='null', serverSelector='null', clusterListeners='[]', serverSelectionTimeout='30000 ms', localThreshold='15 ms'}, socketSettings=SocketSettings{connectTimeoutMS=10000, readTimeoutMS=0, receiveBufferSize=0, proxySettings=ProxySettings{host=null, port=null, username=null, password=null}}, heartbeatSocketSettings=SocketSettings{connectTimeoutMS=10000, readTimeoutMS=10000, receiveBufferSize=0, proxySettings=ProxySettings{host=null, port=null, username=null, password=null}}, connectionPoolSettings=ConnectionPoolSettings{maxSize=100, minSize=0, maxWaitTimeMS=120000, maxConnectionLifeTimeMS=0, maxConnectionIdleTimeMS=0, maintenanceInitialDelayMS=0, maintenanceFrequencyMS=60000, connectionPoolListeners=[], maxConnecting=2}, serverSettings=ServerSettings{heartbeatFrequencyMS=10000, minHeartbeatFrequencyMS=500, serverListeners='[]', serverMonitorListeners='[]'}, sslSettings=SslSettings{enabled=false, invalidHostNameAllowed=false, context=null}, applicationName='null', compressorList=[], uuidRepresentation=JAVA_LEGACY, serverApi=null, autoEncryptionSettings=null, dnsClient=null, inetAddressResolver=null, contextProvider=null}
2024-05-31 15:57:28.478  INFO 16080 --- [cluster-ClusterId{value='665982e85366a859ed3038ce', description='null'}-localhost:27017] org.mongodb.driver.cluster               : Monitor thread successfully connected to server with description ServerDescription{address=localhost:27017, type=STANDALONE, state=CONNECTED, ok=true, minWireVersion=0, maxWireVersion=21, maxDocumentSize=16777216, logicalSessionTimeoutMinutes=30, roundTripTimeNanos=76566300}
2024-05-31 15:57:30.203  INFO 16080 --- [main] o.s.b.web.embedded.netty.NettyWebServer  : Netty started on port 64443
2024-05-31 15:57:30.224  INFO 16080 --- [main] man.api.warehouse.UserHandlerTests       : Started UserHandlerTests in 4.681 seconds (process running for 6.134)
2024-05-31 15:57:31.608  INFO 16080 --- [nioEventLoopGroup-3-3] m.a.w.system.controller.UserHandler      : User found: man.api.warehouse.system.model.dto.UserDto@53e26bbd
2024-05-31 15:57:32.005  INFO 16080 --- [nioEventLoopGroup-3-3] m.a.w.system.controller.UserHandler      : User found: man.api.warehouse.system.model.dto.UserDto@1cd83113
2024-05-31 17:20:39.267  INFO 8224 --- [main] man.api.warehouse.UserHandlerTests       : Starting UserHandlerTests using Java 21.0.2 with PID 8224 (started by asus in D:\program files\IDEA\Reactive-Warehouse)
2024-05-31 17:20:39.272  INFO 8224 --- [main] man.api.warehouse.UserHandlerTests       : No active profile set, falling back to 1 default profile: "default"
2024-05-31 17:20:41.260  INFO 8224 --- [main] .s.d.r.c.RepositoryConfigurationDelegate : Bootstrapping Spring Data Reactive MongoDB repositories in DEFAULT mode.
2024-05-31 17:20:41.507  INFO 8224 --- [main] .s.d.r.c.RepositoryConfigurationDelegate : Finished Spring Data repository scanning in 239 ms. Found 6 Reactive MongoDB repository interfaces.
2024-05-31 17:20:42.716  INFO 8224 --- [main] org.mongodb.driver.client                : MongoClient with metadata {"driver": {"name": "mongo-java-driver|reactive-streams|spring-boot", "version": "4.11.2"}, "os": {"type": "Windows", "name": "Windows 11", "architecture": "amd64", "version": "10.0"}, "platform": "Java/Oracle Corporation/21.0.2+13-LTS-58"} created with settings MongoClientSettings{readPreference=primary, writeConcern=WriteConcern{w=null, wTimeout=null ms, journal=null}, retryWrites=true, retryReads=true, readConcern=ReadConcern{level=null}, credential=null, transportSettings=NettyTransportSettings{eventLoopGroup=io.netty.channel.nio.NioEventLoopGroup@76a6f045, socketChannelClass=null, allocator=null, sslContext=null}, streamFactoryFactory=null, commandListeners=[], codecRegistry=ProvidersCodecRegistry{codecProviders=[ValueCodecProvider{}, BsonValueCodecProvider{}, DBRefCodecProvider{}, DBObjectCodecProvider{}, DocumentCodecProvider{}, CollectionCodecProvider{}, IterableCodecProvider{}, MapCodecProvider{}, GeoJsonCodecProvider{}, GridFSFileCodecProvider{}, Jsr310CodecProvider{}, JsonObjectCodecProvider{}, BsonCodecProvider{}, EnumCodecProvider{}, com.mongodb.client.model.mql.ExpressionCodecProvider@633ddc0c, com.mongodb.Jep395RecordCodecProvider@4bcdd11, com.mongodb.KotlinCodecProvider@1471b98d]}, loggerSettings=LoggerSettings{maxDocumentLength=1000}, clusterSettings={hosts=[localhost:27017], srvServiceName=mongodb, mode=SINGLE, requiredClusterType=UNKNOWN, requiredReplicaSetName='null', serverSelector='null', clusterListeners='[]', serverSelectionTimeout='30000 ms', localThreshold='15 ms'}, socketSettings=SocketSettings{connectTimeoutMS=10000, readTimeoutMS=0, receiveBufferSize=0, proxySettings=ProxySettings{host=null, port=null, username=null, password=null}}, heartbeatSocketSettings=SocketSettings{connectTimeoutMS=10000, readTimeoutMS=10000, receiveBufferSize=0, proxySettings=ProxySettings{host=null, port=null, username=null, password=null}}, connectionPoolSettings=ConnectionPoolSettings{maxSize=100, minSize=0, maxWaitTimeMS=120000, maxConnectionLifeTimeMS=0, maxConnectionIdleTimeMS=0, maintenanceInitialDelayMS=0, maintenanceFrequencyMS=60000, connectionPoolListeners=[], maxConnecting=2}, serverSettings=ServerSettings{heartbeatFrequencyMS=10000, minHeartbeatFrequencyMS=500, serverListeners='[]', serverMonitorListeners='[]'}, sslSettings=SslSettings{enabled=false, invalidHostNameAllowed=false, context=null}, applicationName='null', compressorList=[], uuidRepresentation=JAVA_LEGACY, serverApi=null, autoEncryptionSettings=null, dnsClient=null, inetAddressResolver=null, contextProvider=null}
2024-05-31 17:20:42.878  INFO 8224 --- [cluster-ClusterId{value='6659966a9a51e112fc1b6215', description='null'}-localhost:27017] org.mongodb.driver.cluster               : Monitor thread successfully connected to server with description ServerDescription{address=localhost:27017, type=STANDALONE, state=CONNECTED, ok=true, minWireVersion=0, maxWireVersion=21, maxDocumentSize=16777216, logicalSessionTimeoutMinutes=30, roundTripTimeNanos=83254400}
2024-05-31 17:20:44.810  INFO 8224 --- [main] o.s.b.web.embedded.netty.NettyWebServer  : Netty started on port 65201
2024-05-31 17:20:44.842  INFO 8224 --- [main] man.api.warehouse.UserHandlerTests       : Started UserHandlerTests in 6.441 seconds (process running for 9.169)
2024-05-31 17:20:46.874  INFO 8224 --- [nioEventLoopGroup-3-3] m.a.w.system.controller.UserHandler      : User found: man.api.warehouse.system.model.dto.UserDto@4b69d3fb
2024-05-31 17:20:47.219  INFO 8224 --- [nioEventLoopGroup-3-3] m.a.w.system.controller.UserHandler      : User found: man.api.warehouse.system.model.dto.UserDto@4b48ca4b
2024-05-31 17:23:17.139  INFO 9752 --- [main] man.api.warehouse.UserHandlerTests       : Starting UserHandlerTests using Java 21.0.2 with PID 9752 (started by asus in D:\program files\IDEA\Reactive-Warehouse)
2024-05-31 17:23:17.142  INFO 9752 --- [main] man.api.warehouse.UserHandlerTests       : No active profile set, falling back to 1 default profile: "default"
2024-05-31 17:23:18.197  INFO 9752 --- [main] .s.d.r.c.RepositoryConfigurationDelegate : Bootstrapping Spring Data Reactive MongoDB repositories in DEFAULT mode.
2024-05-31 17:23:18.354  INFO 9752 --- [main] .s.d.r.c.RepositoryConfigurationDelegate : Finished Spring Data repository scanning in 152 ms. Found 6 Reactive MongoDB repository interfaces.
2024-05-31 17:23:19.297  INFO 9752 --- [main] org.mongodb.driver.client                : MongoClient with metadata {"driver": {"name": "mongo-java-driver|reactive-streams|spring-boot", "version": "4.11.2"}, "os": {"type": "Windows", "name": "Windows 11", "architecture": "amd64", "version": "10.0"}, "platform": "Java/Oracle Corporation/21.0.2+13-LTS-58"} created with settings MongoClientSettings{readPreference=primary, writeConcern=WriteConcern{w=null, wTimeout=null ms, journal=null}, retryWrites=true, retryReads=true, readConcern=ReadConcern{level=null}, credential=null, transportSettings=NettyTransportSettings{eventLoopGroup=io.netty.channel.nio.NioEventLoopGroup@1471b98d, socketChannelClass=null, allocator=null, sslContext=null}, streamFactoryFactory=null, commandListeners=[], codecRegistry=ProvidersCodecRegistry{codecProviders=[ValueCodecProvider{}, BsonValueCodecProvider{}, DBRefCodecProvider{}, DBObjectCodecProvider{}, DocumentCodecProvider{}, CollectionCodecProvider{}, IterableCodecProvider{}, MapCodecProvider{}, GeoJsonCodecProvider{}, GridFSFileCodecProvider{}, Jsr310CodecProvider{}, JsonObjectCodecProvider{}, BsonCodecProvider{}, EnumCodecProvider{}, com.mongodb.client.model.mql.ExpressionCodecProvider@5514579e, com.mongodb.Jep395RecordCodecProvider@58c42c8c, com.mongodb.KotlinCodecProvider@3af236d0]}, loggerSettings=LoggerSettings{maxDocumentLength=1000}, clusterSettings={hosts=[localhost:27017], srvServiceName=mongodb, mode=SINGLE, requiredClusterType=UNKNOWN, requiredReplicaSetName='null', serverSelector='null', clusterListeners='[]', serverSelectionTimeout='30000 ms', localThreshold='15 ms'}, socketSettings=SocketSettings{connectTimeoutMS=10000, readTimeoutMS=0, receiveBufferSize=0, proxySettings=ProxySettings{host=null, port=null, username=null, password=null}}, heartbeatSocketSettings=SocketSettings{connectTimeoutMS=10000, readTimeoutMS=10000, receiveBufferSize=0, proxySettings=ProxySettings{host=null, port=null, username=null, password=null}}, connectionPoolSettings=ConnectionPoolSettings{maxSize=100, minSize=0, maxWaitTimeMS=120000, maxConnectionLifeTimeMS=0, maxConnectionIdleTimeMS=0, maintenanceInitialDelayMS=0, maintenanceFrequencyMS=60000, connectionPoolListeners=[], maxConnecting=2}, serverSettings=ServerSettings{heartbeatFrequencyMS=10000, minHeartbeatFrequencyMS=500, serverListeners='[]', serverMonitorListeners='[]'}, sslSettings=SslSettings{enabled=false, invalidHostNameAllowed=false, context=null}, applicationName='null', compressorList=[], uuidRepresentation=JAVA_LEGACY, serverApi=null, autoEncryptionSettings=null, dnsClient=null, inetAddressResolver=null, contextProvider=null}
2024-05-31 17:23:19.474  INFO 9752 --- [cluster-ClusterId{value='66599707daec0709c1f33d4a', description='null'}-localhost:27017] org.mongodb.driver.cluster               : Monitor thread successfully connected to server with description ServerDescription{address=localhost:27017, type=STANDALONE, state=CONNECTED, ok=true, minWireVersion=0, maxWireVersion=21, maxDocumentSize=16777216, logicalSessionTimeoutMinutes=30, roundTripTimeNanos=94795100}
2024-05-31 17:23:21.137  INFO 9752 --- [main] o.s.b.web.embedded.netty.NettyWebServer  : Netty started on port 65235
2024-05-31 17:23:21.164  INFO 9752 --- [main] man.api.warehouse.UserHandlerTests       : Started UserHandlerTests in 4.52 seconds (process running for 6.42)
2024-05-31 17:23:23.649  INFO 9752 --- [nioEventLoopGroup-3-3] m.a.w.system.controller.UserHandler      : User found: man.api.warehouse.system.model.dto.UserDto@70aa986e
2024-05-31 17:23:24.097  INFO 9752 --- [nioEventLoopGroup-3-3] m.a.w.system.controller.UserHandler      : User found: man.api.warehouse.system.model.dto.UserDto@86f0ec1
2024-05-31 17:23:27.783  INFO 12760 --- [main] m.api.warehouse.InventoryHandlerTests    : Starting InventoryHandlerTests using Java 21.0.2 with PID 12760 (started by asus in D:\program files\IDEA\Reactive-Warehouse)
2024-05-31 17:23:27.786  INFO 12760 --- [main] m.api.warehouse.InventoryHandlerTests    : No active profile set, falling back to 1 default profile: "default"
2024-05-31 17:23:29.096  INFO 12760 --- [main] .s.d.r.c.RepositoryConfigurationDelegate : Bootstrapping Spring Data Reactive MongoDB repositories in DEFAULT mode.
2024-05-31 17:23:29.317  INFO 12760 --- [main] .s.d.r.c.RepositoryConfigurationDelegate : Finished Spring Data repository scanning in 211 ms. Found 6 Reactive MongoDB repository interfaces.
2024-05-31 17:23:30.558  INFO 12760 --- [main] org.mongodb.driver.client                : MongoClient with metadata {"driver": {"name": "mongo-java-driver|reactive-streams|spring-boot", "version": "4.11.2"}, "os": {"type": "Windows", "name": "Windows 11", "architecture": "amd64", "version": "10.0"}, "platform": "Java/Oracle Corporation/21.0.2+13-LTS-58"} created with settings MongoClientSettings{readPreference=primary, writeConcern=WriteConcern{w=null, wTimeout=null ms, journal=null}, retryWrites=true, retryReads=true, readConcern=ReadConcern{level=null}, credential=null, transportSettings=NettyTransportSettings{eventLoopGroup=io.netty.channel.nio.NioEventLoopGroup@6793f752, socketChannelClass=null, allocator=null, sslContext=null}, streamFactoryFactory=null, commandListeners=[], codecRegistry=ProvidersCodecRegistry{codecProviders=[ValueCodecProvider{}, BsonValueCodecProvider{}, DBRefCodecProvider{}, DBObjectCodecProvider{}, DocumentCodecProvider{}, CollectionCodecProvider{}, IterableCodecProvider{}, MapCodecProvider{}, GeoJsonCodecProvider{}, GridFSFileCodecProvider{}, Jsr310CodecProvider{}, JsonObjectCodecProvider{}, BsonCodecProvider{}, EnumCodecProvider{}, com.mongodb.client.model.mql.ExpressionCodecProvider@1216eb3f, com.mongodb.Jep395RecordCodecProvider@59e7564b, com.mongodb.KotlinCodecProvider@482ba4b1]}, loggerSettings=LoggerSettings{maxDocumentLength=1000}, clusterSettings={hosts=[localhost:27017], srvServiceName=mongodb, mode=SINGLE, requiredClusterType=UNKNOWN, requiredReplicaSetName='null', serverSelector='null', clusterListeners='[]', serverSelectionTimeout='30000 ms', localThreshold='15 ms'}, socketSettings=SocketSettings{connectTimeoutMS=10000, readTimeoutMS=0, receiveBufferSize=0, proxySettings=ProxySettings{host=null, port=null, username=null, password=null}}, heartbeatSocketSettings=SocketSettings{connectTimeoutMS=10000, readTimeoutMS=10000, receiveBufferSize=0, proxySettings=ProxySettings{host=null, port=null, username=null, password=null}}, connectionPoolSettings=ConnectionPoolSettings{maxSize=100, minSize=0, maxWaitTimeMS=120000, maxConnectionLifeTimeMS=0, maxConnectionIdleTimeMS=0, maintenanceInitialDelayMS=0, maintenanceFrequencyMS=60000, connectionPoolListeners=[], maxConnecting=2}, serverSettings=ServerSettings{heartbeatFrequencyMS=10000, minHeartbeatFrequencyMS=500, serverListeners='[]', serverMonitorListeners='[]'}, sslSettings=SslSettings{enabled=false, invalidHostNameAllowed=false, context=null}, applicationName='null', compressorList=[], uuidRepresentation=JAVA_LEGACY, serverApi=null, autoEncryptionSettings=null, dnsClient=null, inetAddressResolver=null, contextProvider=null}
2024-05-31 17:23:30.755  INFO 12760 --- [cluster-ClusterId{value='6659971222b524740c7b1612', description='null'}-localhost:27017] org.mongodb.driver.cluster               : Monitor thread successfully connected to server with description ServerDescription{address=localhost:27017, type=STANDALONE, state=CONNECTED, ok=true, minWireVersion=0, maxWireVersion=21, maxDocumentSize=16777216, logicalSessionTimeoutMinutes=30, roundTripTimeNanos=113417700}
2024-05-31 17:23:32.827  INFO 12760 --- [main] o.s.b.web.embedded.netty.NettyWebServer  : Netty started on port 65246
2024-05-31 17:23:32.854  INFO 12760 --- [main] m.api.warehouse.InventoryHandlerTests    : Started InventoryHandlerTests in 5.639 seconds (process running for 7.678)
2024-05-31 17:24:36.792  INFO 12364 --- [main] man.api.warehouse.OrderHandlerTests      : Starting OrderHandlerTests using Java 21.0.2 with PID 12364 (started by asus in D:\program files\IDEA\Reactive-Warehouse)
2024-05-31 17:24:36.794  INFO 12364 --- [main] man.api.warehouse.OrderHandlerTests      : No active profile set, falling back to 1 default profile: "default"
2024-05-31 17:24:37.890  INFO 12364 --- [main] .s.d.r.c.RepositoryConfigurationDelegate : Bootstrapping Spring Data Reactive MongoDB repositories in DEFAULT mode.
2024-05-31 17:24:38.037  INFO 12364 --- [main] .s.d.r.c.RepositoryConfigurationDelegate : Finished Spring Data repository scanning in 141 ms. Found 6 Reactive MongoDB repository interfaces.
2024-05-31 17:24:39.264  INFO 12364 --- [main] org.mongodb.driver.client                : MongoClient with metadata {"driver": {"name": "mongo-java-driver|reactive-streams|spring-boot", "version": "4.11.2"}, "os": {"type": "Windows", "name": "Windows 11", "architecture": "amd64", "version": "10.0"}, "platform": "Java/Oracle Corporation/21.0.2+13-LTS-58"} created with settings MongoClientSettings{readPreference=primary, writeConcern=WriteConcern{w=null, wTimeout=null ms, journal=null}, retryWrites=true, retryReads=true, readConcern=ReadConcern{level=null}, credential=null, transportSettings=NettyTransportSettings{eventLoopGroup=io.netty.channel.nio.NioEventLoopGroup@5db0003d, socketChannelClass=null, allocator=null, sslContext=null}, streamFactoryFactory=null, commandListeners=[], codecRegistry=ProvidersCodecRegistry{codecProviders=[ValueCodecProvider{}, BsonValueCodecProvider{}, DBRefCodecProvider{}, DBObjectCodecProvider{}, DocumentCodecProvider{}, CollectionCodecProvider{}, IterableCodecProvider{}, MapCodecProvider{}, GeoJsonCodecProvider{}, GridFSFileCodecProvider{}, Jsr310CodecProvider{}, JsonObjectCodecProvider{}, BsonCodecProvider{}, EnumCodecProvider{}, com.mongodb.client.model.mql.ExpressionCodecProvider@7f12094d, com.mongodb.Jep395RecordCodecProvider@589fb74d, com.mongodb.KotlinCodecProvider@200d1a3d]}, loggerSettings=LoggerSettings{maxDocumentLength=1000}, clusterSettings={hosts=[localhost:27017], srvServiceName=mongodb, mode=SINGLE, requiredClusterType=UNKNOWN, requiredReplicaSetName='null', serverSelector='null', clusterListeners='[]', serverSelectionTimeout='30000 ms', localThreshold='15 ms'}, socketSettings=SocketSettings{connectTimeoutMS=10000, readTimeoutMS=0, receiveBufferSize=0, proxySettings=ProxySettings{host=null, port=null, username=null, password=null}}, heartbeatSocketSettings=SocketSettings{connectTimeoutMS=10000, readTimeoutMS=10000, receiveBufferSize=0, proxySettings=ProxySettings{host=null, port=null, username=null, password=null}}, connectionPoolSettings=ConnectionPoolSettings{maxSize=100, minSize=0, maxWaitTimeMS=120000, maxConnectionLifeTimeMS=0, maxConnectionIdleTimeMS=0, maintenanceInitialDelayMS=0, maintenanceFrequencyMS=60000, connectionPoolListeners=[], maxConnecting=2}, serverSettings=ServerSettings{heartbeatFrequencyMS=10000, minHeartbeatFrequencyMS=500, serverListeners='[]', serverMonitorListeners='[]'}, sslSettings=SslSettings{enabled=false, invalidHostNameAllowed=false, context=null}, applicationName='null', compressorList=[], uuidRepresentation=JAVA_LEGACY, serverApi=null, autoEncryptionSettings=null, dnsClient=null, inetAddressResolver=null, contextProvider=null}
2024-05-31 17:24:39.396  INFO 12364 --- [cluster-ClusterId{value='665997578ce7b4012a7e224d', description='null'}-localhost:27017] org.mongodb.driver.cluster               : Monitor thread successfully connected to server with description ServerDescription{address=localhost:27017, type=STANDALONE, state=CONNECTED, ok=true, minWireVersion=0, maxWireVersion=21, maxDocumentSize=16777216, logicalSessionTimeoutMinutes=30, roundTripTimeNanos=73149000}
2024-05-31 17:24:41.006  INFO 12364 --- [main] o.s.b.web.embedded.netty.NettyWebServer  : Netty started on port 65270
2024-05-31 17:24:41.029  INFO 12364 --- [main] man.api.warehouse.OrderHandlerTests      : Started OrderHandlerTests in 4.654 seconds (process running for 6.296)
2024-05-31 17:25:13.383  INFO 11932 --- [main] man.api.warehouse.ProductHandlerTests    : Starting ProductHandlerTests using Java 21.0.2 with PID 11932 (started by asus in D:\program files\IDEA\Reactive-Warehouse)
2024-05-31 17:25:13.385  INFO 11932 --- [main] man.api.warehouse.ProductHandlerTests    : No active profile set, falling back to 1 default profile: "default"
2024-05-31 17:25:14.324  INFO 11932 --- [main] .s.d.r.c.RepositoryConfigurationDelegate : Bootstrapping Spring Data Reactive MongoDB repositories in DEFAULT mode.
2024-05-31 17:25:14.496  INFO 11932 --- [main] .s.d.r.c.RepositoryConfigurationDelegate : Finished Spring Data repository scanning in 166 ms. Found 6 Reactive MongoDB repository interfaces.
2024-05-31 17:25:15.470  INFO 11932 --- [main] org.mongodb.driver.client                : MongoClient with metadata {"driver": {"name": "mongo-java-driver|reactive-streams|spring-boot", "version": "4.11.2"}, "os": {"type": "Windows", "name": "Windows 11", "architecture": "amd64", "version": "10.0"}, "platform": "Java/Oracle Corporation/21.0.2+13-LTS-58"} created with settings MongoClientSettings{readPreference=primary, writeConcern=WriteConcern{w=null, wTimeout=null ms, journal=null}, retryWrites=true, retryReads=true, readConcern=ReadConcern{level=null}, credential=null, transportSettings=NettyTransportSettings{eventLoopGroup=io.netty.channel.nio.NioEventLoopGroup@5db0003d, socketChannelClass=null, allocator=null, sslContext=null}, streamFactoryFactory=null, commandListeners=[], codecRegistry=ProvidersCodecRegistry{codecProviders=[ValueCodecProvider{}, BsonValueCodecProvider{}, DBRefCodecProvider{}, DBObjectCodecProvider{}, DocumentCodecProvider{}, CollectionCodecProvider{}, IterableCodecProvider{}, MapCodecProvider{}, GeoJsonCodecProvider{}, GridFSFileCodecProvider{}, Jsr310CodecProvider{}, JsonObjectCodecProvider{}, BsonCodecProvider{}, EnumCodecProvider{}, com.mongodb.client.model.mql.ExpressionCodecProvider@7f12094d, com.mongodb.Jep395RecordCodecProvider@589fb74d, com.mongodb.KotlinCodecProvider@200d1a3d]}, loggerSettings=LoggerSettings{maxDocumentLength=1000}, clusterSettings={hosts=[localhost:27017], srvServiceName=mongodb, mode=SINGLE, requiredClusterType=UNKNOWN, requiredReplicaSetName='null', serverSelector='null', clusterListeners='[]', serverSelectionTimeout='30000 ms', localThreshold='15 ms'}, socketSettings=SocketSettings{connectTimeoutMS=10000, readTimeoutMS=0, receiveBufferSize=0, proxySettings=ProxySettings{host=null, port=null, username=null, password=null}}, heartbeatSocketSettings=SocketSettings{connectTimeoutMS=10000, readTimeoutMS=10000, receiveBufferSize=0, proxySettings=ProxySettings{host=null, port=null, username=null, password=null}}, connectionPoolSettings=ConnectionPoolSettings{maxSize=100, minSize=0, maxWaitTimeMS=120000, maxConnectionLifeTimeMS=0, maxConnectionIdleTimeMS=0, maintenanceInitialDelayMS=0, maintenanceFrequencyMS=60000, connectionPoolListeners=[], maxConnecting=2}, serverSettings=ServerSettings{heartbeatFrequencyMS=10000, minHeartbeatFrequencyMS=500, serverListeners='[]', serverMonitorListeners='[]'}, sslSettings=SslSettings{enabled=false, invalidHostNameAllowed=false, context=null}, applicationName='null', compressorList=[], uuidRepresentation=JAVA_LEGACY, serverApi=null, autoEncryptionSettings=null, dnsClient=null, inetAddressResolver=null, contextProvider=null}
2024-05-31 17:25:15.617  INFO 11932 --- [cluster-ClusterId{value='6659977b7a771d1c07838948', description='null'}-localhost:27017] org.mongodb.driver.cluster               : Monitor thread successfully connected to server with description ServerDescription{address=localhost:27017, type=STANDALONE, state=CONNECTED, ok=true, minWireVersion=0, maxWireVersion=21, maxDocumentSize=16777216, logicalSessionTimeoutMinutes=30, roundTripTimeNanos=83986200}
2024-05-31 17:25:17.356  INFO 11932 --- [main] o.s.b.web.embedded.netty.NettyWebServer  : Netty started on port 65290
2024-05-31 17:25:17.380  INFO 11932 --- [main] man.api.warehouse.ProductHandlerTests    : Started ProductHandlerTests in 4.492 seconds (process running for 5.872)
2024-05-31 17:26:30.010  INFO 16804 --- [main] m.api.warehouse.SPRelationHandlerTests   : Starting SPRelationHandlerTests using Java 21.0.2 with PID 16804 (started by asus in D:\program files\IDEA\Reactive-Warehouse)
2024-05-31 17:26:30.012  INFO 16804 --- [main] m.api.warehouse.SPRelationHandlerTests   : No active profile set, falling back to 1 default profile: "default"
2024-05-31 17:26:30.910  INFO 16804 --- [main] .s.d.r.c.RepositoryConfigurationDelegate : Bootstrapping Spring Data Reactive MongoDB repositories in DEFAULT mode.
2024-05-31 17:26:31.068  INFO 16804 --- [main] .s.d.r.c.RepositoryConfigurationDelegate : Finished Spring Data repository scanning in 153 ms. Found 6 Reactive MongoDB repository interfaces.
2024-05-31 17:26:31.927  INFO 16804 --- [main] org.mongodb.driver.client                : MongoClient with metadata {"driver": {"name": "mongo-java-driver|reactive-streams|spring-boot", "version": "4.11.2"}, "os": {"type": "Windows", "name": "Windows 11", "architecture": "amd64", "version": "10.0"}, "platform": "Java/Oracle Corporation/21.0.2+13-LTS-58"} created with settings MongoClientSettings{readPreference=primary, writeConcern=WriteConcern{w=null, wTimeout=null ms, journal=null}, retryWrites=true, retryReads=true, readConcern=ReadConcern{level=null}, credential=null, transportSettings=NettyTransportSettings{eventLoopGroup=io.netty.channel.nio.NioEventLoopGroup@1471b98d, socketChannelClass=null, allocator=null, sslContext=null}, streamFactoryFactory=null, commandListeners=[], codecRegistry=ProvidersCodecRegistry{codecProviders=[ValueCodecProvider{}, BsonValueCodecProvider{}, DBRefCodecProvider{}, DBObjectCodecProvider{}, DocumentCodecProvider{}, CollectionCodecProvider{}, IterableCodecProvider{}, MapCodecProvider{}, GeoJsonCodecProvider{}, GridFSFileCodecProvider{}, Jsr310CodecProvider{}, JsonObjectCodecProvider{}, BsonCodecProvider{}, EnumCodecProvider{}, com.mongodb.client.model.mql.ExpressionCodecProvider@5514579e, com.mongodb.Jep395RecordCodecProvider@58c42c8c, com.mongodb.KotlinCodecProvider@3af236d0]}, loggerSettings=LoggerSettings{maxDocumentLength=1000}, clusterSettings={hosts=[localhost:27017], srvServiceName=mongodb, mode=SINGLE, requiredClusterType=UNKNOWN, requiredReplicaSetName='null', serverSelector='null', clusterListeners='[]', serverSelectionTimeout='30000 ms', localThreshold='15 ms'}, socketSettings=SocketSettings{connectTimeoutMS=10000, readTimeoutMS=0, receiveBufferSize=0, proxySettings=ProxySettings{host=null, port=null, username=null, password=null}}, heartbeatSocketSettings=SocketSettings{connectTimeoutMS=10000, readTimeoutMS=10000, receiveBufferSize=0, proxySettings=ProxySettings{host=null, port=null, username=null, password=null}}, connectionPoolSettings=ConnectionPoolSettings{maxSize=100, minSize=0, maxWaitTimeMS=120000, maxConnectionLifeTimeMS=0, maxConnectionIdleTimeMS=0, maintenanceInitialDelayMS=0, maintenanceFrequencyMS=60000, connectionPoolListeners=[], maxConnecting=2}, serverSettings=ServerSettings{heartbeatFrequencyMS=10000, minHeartbeatFrequencyMS=500, serverListeners='[]', serverMonitorListeners='[]'}, sslSettings=SslSettings{enabled=false, invalidHostNameAllowed=false, context=null}, applicationName='null', compressorList=[], uuidRepresentation=JAVA_LEGACY, serverApi=null, autoEncryptionSettings=null, dnsClient=null, inetAddressResolver=null, contextProvider=null}
2024-05-31 17:26:32.051  INFO 16804 --- [cluster-ClusterId{value='665997c70cc65340173484a1', description='null'}-localhost:27017] org.mongodb.driver.cluster               : Monitor thread successfully connected to server with description ServerDescription{address=localhost:27017, type=STANDALONE, state=CONNECTED, ok=true, minWireVersion=0, maxWireVersion=21, maxDocumentSize=16777216, logicalSessionTimeoutMinutes=30, roundTripTimeNanos=67039600}
2024-05-31 17:26:33.407  INFO 16804 --- [main] o.s.b.web.embedded.netty.NettyWebServer  : Netty started on port 65331
2024-05-31 17:26:33.427  INFO 16804 --- [main] m.api.warehouse.SPRelationHandlerTests   : Started SPRelationHandlerTests in 3.804 seconds (process running for 5.214)
2024-05-31 17:27:04.544  INFO 7140 --- [main] man.api.warehouse.SupplierHandlerTests   : Starting SupplierHandlerTests using Java 21.0.2 with PID 7140 (started by asus in D:\program files\IDEA\Reactive-Warehouse)
2024-05-31 17:27:04.547  INFO 7140 --- [main] man.api.warehouse.SupplierHandlerTests   : No active profile set, falling back to 1 default profile: "default"
2024-05-31 17:27:05.452  INFO 7140 --- [main] .s.d.r.c.RepositoryConfigurationDelegate : Bootstrapping Spring Data Reactive MongoDB repositories in DEFAULT mode.
2024-05-31 17:27:05.606  INFO 7140 --- [main] .s.d.r.c.RepositoryConfigurationDelegate : Finished Spring Data repository scanning in 149 ms. Found 6 Reactive MongoDB repository interfaces.
2024-05-31 17:27:06.554  INFO 7140 --- [main] org.mongodb.driver.client                : MongoClient with metadata {"driver": {"name": "mongo-java-driver|reactive-streams|spring-boot", "version": "4.11.2"}, "os": {"type": "Windows", "name": "Windows 11", "architecture": "amd64", "version": "10.0"}, "platform": "Java/Oracle Corporation/21.0.2+13-LTS-58"} created with settings MongoClientSettings{readPreference=primary, writeConcern=WriteConcern{w=null, wTimeout=null ms, journal=null}, retryWrites=true, retryReads=true, readConcern=ReadConcern{level=null}, credential=null, transportSettings=NettyTransportSettings{eventLoopGroup=io.netty.channel.nio.NioEventLoopGroup@935d3f9, socketChannelClass=null, allocator=null, sslContext=null}, streamFactoryFactory=null, commandListeners=[], codecRegistry=ProvidersCodecRegistry{codecProviders=[ValueCodecProvider{}, BsonValueCodecProvider{}, DBRefCodecProvider{}, DBObjectCodecProvider{}, DocumentCodecProvider{}, CollectionCodecProvider{}, IterableCodecProvider{}, MapCodecProvider{}, GeoJsonCodecProvider{}, GridFSFileCodecProvider{}, Jsr310CodecProvider{}, JsonObjectCodecProvider{}, BsonCodecProvider{}, EnumCodecProvider{}, com.mongodb.client.model.mql.ExpressionCodecProvider@214b342f, com.mongodb.Jep395RecordCodecProvider@5db0003d, com.mongodb.KotlinCodecProvider@7f12094d]}, loggerSettings=LoggerSettings{maxDocumentLength=1000}, clusterSettings={hosts=[localhost:27017], srvServiceName=mongodb, mode=SINGLE, requiredClusterType=UNKNOWN, requiredReplicaSetName='null', serverSelector='null', clusterListeners='[]', serverSelectionTimeout='30000 ms', localThreshold='15 ms'}, socketSettings=SocketSettings{connectTimeoutMS=10000, readTimeoutMS=0, receiveBufferSize=0, proxySettings=ProxySettings{host=null, port=null, username=null, password=null}}, heartbeatSocketSettings=SocketSettings{connectTimeoutMS=10000, readTimeoutMS=10000, receiveBufferSize=0, proxySettings=ProxySettings{host=null, port=null, username=null, password=null}}, connectionPoolSettings=ConnectionPoolSettings{maxSize=100, minSize=0, maxWaitTimeMS=120000, maxConnectionLifeTimeMS=0, maxConnectionIdleTimeMS=0, maintenanceInitialDelayMS=0, maintenanceFrequencyMS=60000, connectionPoolListeners=[], maxConnecting=2}, serverSettings=ServerSettings{heartbeatFrequencyMS=10000, minHeartbeatFrequencyMS=500, serverListeners='[]', serverMonitorListeners='[]'}, sslSettings=SslSettings{enabled=false, invalidHostNameAllowed=false, context=null}, applicationName='null', compressorList=[], uuidRepresentation=JAVA_LEGACY, serverApi=null, autoEncryptionSettings=null, dnsClient=null, inetAddressResolver=null, contextProvider=null}
2024-05-31 17:27:06.713  INFO 7140 --- [cluster-ClusterId{value='665997ea8aac8e717fed8967', description='null'}-localhost:27017] org.mongodb.driver.cluster               : Monitor thread successfully connected to server with description ServerDescription{address=localhost:27017, type=STANDALONE, state=CONNECTED, ok=true, minWireVersion=0, maxWireVersion=21, maxDocumentSize=16777216, logicalSessionTimeoutMinutes=30, roundTripTimeNanos=75140600}
2024-05-31 17:27:08.386  INFO 7140 --- [main] o.s.b.web.embedded.netty.NettyWebServer  : Netty started on port 65350
2024-05-31 17:27:08.413  INFO 7140 --- [main] man.api.warehouse.SupplierHandlerTests   : Started SupplierHandlerTests in 4.332 seconds (process running for 5.969)
